11:10:01:844  INFO 23468 --- [main] com.hmall.HMallApplication               : Starting HMallApplication using Java 11.0.28 on dys with PID 23468 (D:\OneDrive\Desktop\杂项\heima\spring-cloud\day02-Docker\资料\hmall\hm-service\target\classes started by 30388 in D:\OneDrive\Desktop\杂项\heima\spring-cloud\day02-Docker\资料\hmall)
11:10:01:847 DEBUG 23468 --- [main] com.hmall.HMallApplication               : Running with Spring Boot v2.7.12, Spring v5.3.27
11:10:01:847  INFO 23468 --- [main] com.hmall.HMallApplication               : The following 1 profile is active: "dev"
11:10:02:821  INFO 23468 --- [main] .s.d.r.c.RepositoryConfigurationDelegate : Multiple Spring Data modules found, entering strict repository configuration mode
11:10:02:823  INFO 23468 --- [main] .s.d.r.c.RepositoryConfigurationDelegate : Bootstrapping Spring Data Redis repositories in DEFAULT mode.
11:10:02:866  INFO 23468 --- [main] .s.d.r.c.RepositoryConfigurationDelegate : Finished Spring Data repository scanning in 27 ms. Found 0 Redis repository interfaces.
11:10:03:446  INFO 23468 --- [main] o.s.b.w.embedded.tomcat.TomcatWebServer  : Tomcat initialized with port(s): 8080 (http)
11:10:03:447  INFO 23468 --- [main] o.a.catalina.core.AprLifecycleListener   : Loaded Apache Tomcat Native library [1.3.1] using APR version [1.7.4].
11:10:03:447  INFO 23468 --- [main] o.a.catalina.core.AprLifecycleListener   : APR capabilities: IPv6 [true], sendfile [true], accept filters [false], random [true], UDS [true].
11:10:03:447  INFO 23468 --- [main] o.a.catalina.core.AprLifecycleListener   : APR/OpenSSL configuration: useAprConnector [false], useOpenSSL [true]
11:10:03:477  INFO 23468 --- [main] o.a.catalina.core.AprLifecycleListener   : OpenSSL successfully initialized [OpenSSL 3.0.14 4 Jun 2024]
11:10:03:487  INFO 23468 --- [main] o.apache.catalina.core.StandardService   : Starting service [Tomcat]
11:10:03:487  INFO 23468 --- [main] org.apache.catalina.core.StandardEngine  : Starting Servlet engine: [Apache Tomcat/9.0.75]
11:10:03:641  INFO 23468 --- [main] o.a.c.c.C.[Tomcat].[localhost].[/]       : Initializing Spring embedded WebApplicationContext
11:10:03:641  INFO 23468 --- [main] w.s.c.ServletWebServerApplicationContext : Root WebApplicationContext: initialization completed in 1741 ms
11:10:05:140  INFO 23468 --- [main] pertySourcedRequestMappingHandlerMapping : Mapped URL path [/v2/api-docs] onto method [springfox.documentation.swagger2.web.Swagger2ControllerWebMvc#getDocumentation(String, HttpServletRequest)]
11:10:05:457  INFO 23468 --- [main] o.s.b.w.embedded.tomcat.TomcatWebServer  : Tomcat started on port(s): 8080 (http) with context path ''
11:10:05:458  INFO 23468 --- [main] d.s.w.p.DocumentationPluginsBootstrapper : Documentation plugins bootstrapped
11:10:05:460  INFO 23468 --- [main] d.s.w.p.DocumentationPluginsBootstrapper : Found 1 custom documentation plugin(s)
11:10:05:487  INFO 23468 --- [main] s.d.s.w.s.ApiListingReferenceScanner     : Scanning for api listing references
11:10:05:624  INFO 23468 --- [main] com.hmall.HMallApplication               : Started HMallApplication in 4.32 seconds (JVM running for 5.425)
